INFO:     Will watch for changes in these directories: ['C:\\Projects\\developmyai\\backend']
C:\Users\rutvi\AppData\Roaming\Python\Python314\site-packages\pydub\utils.py:170: RuntimeWarning: Couldn't find ffmpeg or avconv - defaulting to ffmpeg, but may not work
  warn("Couldn't find ffmpeg or avconv - defaulting to ffmpeg, but may not work", RuntimeWarning)
INFO:     Uvicorn running on http://0.0.0.0:8000 (Press CTRL+C to quit)
INFO:     Started reloader process [112664] using WatchFiles
C:\Users\rutvi\AppData\Roaming\Python\Python314\site-packages\pydub\utils.py:170: RuntimeWarning: Couldn't find ffmpeg or avconv - defaulting to ffmpeg, but may not work
  warn("Couldn't find ffmpeg or avconv - defaulting to ffmpeg, but may not work", RuntimeWarning)
INFO:     Started server process [95052]
INFO:     Waiting for application startup.
INFO:     Application startup complete.
WARNING:  WatchFiles detected changes in 'routers\convert.py'. Reloading...
INFO:     Shutting down
INFO:     Waiting for application shutdown.
INFO:     Application shutdown complete.
INFO:     Finished server process [95052]
C:\Users\rutvi\AppData\Roaming\Python\Python314\site-packages\pydub\utils.py:170: RuntimeWarning: Couldn't find ffmpeg or avconv - defaulting to ffmpeg, but may not work
  warn("Couldn't find ffmpeg or avconv - defaulting to ffmpeg, but may not work", RuntimeWarning)
INFO:     Started server process [45364]
INFO:     Waiting for application startup.
INFO:     Application startup complete.
Could not get FontBBox from font descriptor because None cannot be parsed as 4 floats
Could not get FontBBox from font descriptor because None cannot be parsed as 4 floats
Could not get FontBBox from font descriptor because None cannot be parsed as 4 floats
Could not get FontBBox from font descriptor because None cannot be parsed as 4 floats
Could not get FontBBox from font descriptor because None cannot be parsed as 4 floats
Could not get FontBBox from font descriptor because None cannot be parsed as 4 floats
Could not get FontBBox from font descriptor because None cannot be parsed as 4 floats
Could not get FontBBox from font descriptor because None cannot be parsed as 4 floats
Could not get FontBBox from font descriptor because None cannot be parsed as 4 floats
Could not get FontBBox from font descriptor because None cannot be parsed as 4 floats
Could not get FontBBox from font descriptor because None cannot be parsed as 4 floats
Could not get FontBBox from font descriptor because None cannot be parsed as 4 floats
Could not get FontBBox from font descriptor because None cannot be parsed as 4 floats
Could not get FontBBox from font descriptor because None cannot be parsed as 4 floats
Could not get FontBBox from font descriptor because None cannot be parsed as 4 floats
Could not get FontBBox from font descriptor because None cannot be parsed as 4 floats
Could not get FontBBox from font descriptor because None cannot be parsed as 4 floats
Could not get FontBBox from font descriptor because None cannot be parsed as 4 floats
Could not get FontBBox from font descriptor because None cannot be parsed as 4 floats
Could not get FontBBox from font descriptor because None cannot be parsed as 4 floats
Could not get FontBBox from font descriptor because None cannot be parsed as 4 floats
Could not get FontBBox from font descriptor because None cannot be parsed as 4 floats
Could not get FontBBox from font descriptor because None cannot be parsed as 4 floats
Could not get FontBBox from font descriptor because None cannot be parsed as 4 floats
Could not get FontBBox from font descriptor because None cannot be parsed as 4 floats
Could not get FontBBox from font descriptor because None cannot be parsed as 4 floats
Could not get FontBBox from font descriptor because None cannot be parsed as 4 floats
Could not get FontBBox from font descriptor because None cannot be parsed as 4 floats
Could not get FontBBox from font descriptor because None cannot be parsed as 4 floats
Could not get FontBBox from font descriptor because None cannot be parsed as 4 floats
Could not get FontBBox from font descriptor because None cannot be parsed as 4 floats
Could not get FontBBox from font descriptor because None cannot be parsed as 4 floats
Could not get FontBBox from font descriptor because None cannot be parsed as 4 floats
Could not get FontBBox from font descriptor because None cannot be parsed as 4 floats
Could not get FontBBox from font descriptor because None cannot be parsed as 4 floats
Could not get FontBBox from font descriptor because None cannot be parsed as 4 floats
Could not get FontBBox from font descriptor because None cannot be parsed as 4 floats
Could not get FontBBox from font descriptor because None cannot be parsed as 4 floats
Could not get FontBBox from font descriptor because None cannot be parsed as 4 floats
Could not get FontBBox from font descriptor because None cannot be parsed as 4 floats
